<?xml version="1.0" encoding="UTF-8"?>
<!-- Generated by org.testng.reporters.JUnitReportReporter -->
<testsuite hostname="DESKTOP-62AN9KN" failures="0" tests="8" name="com.sgtesting.WebAssignments.FourthCustomerCreation" time="31.219" errors="0" timestamp="2022-11-10T20:58:30 IST" skipped="0">
  <testcase classname="com.sgtesting.WebAssignments.FourthCustomerCreation" name="launchBrowser" time="1.687"/>
  <system-out/>
  <testcase classname="com.sgtesting.WebAssignments.FourthCustomerCreation" name="navigate" time="5.990"/>
  <system-out/>
  <testcase classname="com.sgtesting.WebAssignments.FourthCustomerCreation" name="login" time="5.315"/>
  <system-out/>
  <testcase classname="com.sgtesting.WebAssignments.FourthCustomerCreation" name="minimizeFlyOutwindow" time="2.169"/>
  <system-out/>
  <testcase classname="com.sgtesting.WebAssignments.FourthCustomerCreation" name="Createcustomer" time="6.047"/>
  <system-out/>
  <testcase classname="com.sgtesting.WebAssignments.FourthCustomerCreation" name="Deletecustomer" time="4.423"/>
  <system-out/>
  <testcase classname="com.sgtesting.WebAssignments.FourthCustomerCreation" name="logout" time="2.441"/>
  <system-out/>
  <testcase classname="com.sgtesting.WebAssignments.FourthCustomerCreation" name="CloseBrowser" time="3.147"/>
  <system-out/>
</testsuite> <!-- com.sgtesting.WebAssignments.FourthCustomerCreation -->
