<?xml version="1.0" encoding="UTF-8"?>
<!-- Generated by org.testng.reporters.JUnitReportReporter -->
<testsuite hostname="DESKTOP-62AN9KN" failures="0" tests="9" name="com.sgtesting.WebAssignments.FifthModifyCustomer" time="35.078" errors="0" timestamp="2022-11-10T20:58:30 IST" skipped="0">
  <testcase classname="com.sgtesting.WebAssignments.FifthModifyCustomer" name="launchBrowser" time="1.114"/>
  <system-out/>
  <testcase classname="com.sgtesting.WebAssignments.FifthModifyCustomer" name="navigate" time="5.930"/>
  <system-out/>
  <testcase classname="com.sgtesting.WebAssignments.FifthModifyCustomer" name="login" time="5.302"/>
  <system-out/>
  <testcase classname="com.sgtesting.WebAssignments.FifthModifyCustomer" name="minimizeFlyOutwindow" time="2.146"/>
  <system-out/>
  <testcase classname="com.sgtesting.WebAssignments.FifthModifyCustomer" name="Createcustomer" time="6.092"/>
  <system-out/>
  <testcase classname="com.sgtesting.WebAssignments.FifthModifyCustomer" name="Modifycustomer" time="5.662"/>
  <system-out/>
  <testcase classname="com.sgtesting.WebAssignments.FifthModifyCustomer" name="Deletecustomer" time="3.352"/>
  <system-out/>
  <testcase classname="com.sgtesting.WebAssignments.FifthModifyCustomer" name="logout" time="2.353"/>
  <system-out/>
  <testcase classname="com.sgtesting.WebAssignments.FifthModifyCustomer" name="CloseBrowser" time="3.127"/>
  <system-out/>
</testsuite> <!-- com.sgtesting.WebAssignments.FifthModifyCustomer -->
