<?xml version="1.0" encoding="UTF-8"?>
<!-- Generated by org.testng.reporters.JUnitReportReporter -->
<testsuite hostname="DESKTOP-62AN9KN" failures="0" tests="8" name="com.sgtesting.WebAssignments.FirstCreateuser" time="39.489" errors="0" timestamp="2022-11-10T20:58:30 IST" skipped="0">
  <testcase classname="com.sgtesting.WebAssignments.FirstCreateuser" name="launchBrowser" time="3.928"/>
  <system-out/>
  <testcase classname="com.sgtesting.WebAssignments.FirstCreateuser" name="navigate" time="6.139"/>
  <system-out/>
  <testcase classname="com.sgtesting.WebAssignments.FirstCreateuser" name="login" time="5.347"/>
  <system-out/>
  <testcase classname="com.sgtesting.WebAssignments.FirstCreateuser" name="minimizeFlyOutwindow" time="2.137"/>
  <system-out/>
  <testcase classname="com.sgtesting.WebAssignments.FirstCreateuser" name="User" time="13.097"/>
  <system-out/>
  <testcase classname="com.sgtesting.WebAssignments.FirstCreateuser" name="Deleteuser" time="8.290"/>
  <system-out/>
  <testcase classname="com.sgtesting.WebAssignments.FirstCreateuser" name="closeApp" time="0.522"/>
  <system-out/>
  <testcase classname="com.sgtesting.WebAssignments.FirstCreateuser" name="logout" time="0.029"/>
  <system-out/>
</testsuite> <!-- com.sgtesting.WebAssignments.FirstCreateuser -->
