<?xml version="1.0" encoding="UTF-8"?>
<!-- Generated by org.testng.reporters.JUnitReportReporter -->
<testsuite hostname="DESKTOP-62AN9KN" failures="0" tests="12" name="com.sgtesting.WebAssignments.EighthCreateTask" time="59.878" errors="0" timestamp="2022-11-10T20:58:30 IST" skipped="0">
  <testcase classname="com.sgtesting.WebAssignments.EighthCreateTask" name="launchBrowser" time="1.107"/>
  <system-out/>
  <testcase classname="com.sgtesting.WebAssignments.EighthCreateTask" name="navigate" time="6.058"/>
  <system-out/>
  <testcase classname="com.sgtesting.WebAssignments.EighthCreateTask" name="login" time="3.301"/>
  <system-out/>
  <testcase classname="com.sgtesting.WebAssignments.EighthCreateTask" name="minimizeFlyOutwindow" time="2.108"/>
  <system-out/>
  <testcase classname="com.sgtesting.WebAssignments.EighthCreateTask" name="Createcustomer" time="6.067"/>
  <system-out/>
  <testcase classname="com.sgtesting.WebAssignments.EighthCreateTask" name="CreateProject" time="6.401"/>
  <system-out/>
  <testcase classname="com.sgtesting.WebAssignments.EighthCreateTask" name="CreateTask" time="8.518"/>
  <system-out/>
  <testcase classname="com.sgtesting.WebAssignments.EighthCreateTask" name="DeleteTask" time="9.376"/>
  <system-out/>
  <testcase classname="com.sgtesting.WebAssignments.EighthCreateTask" name="DeleteProject" time="5.484"/>
  <system-out/>
  <testcase classname="com.sgtesting.WebAssignments.EighthCreateTask" name="Deletecustomer" time="5.425"/>
  <system-out/>
  <testcase classname="com.sgtesting.WebAssignments.EighthCreateTask" name="logout" time="2.336"/>
  <system-out/>
  <testcase classname="com.sgtesting.WebAssignments.EighthCreateTask" name="CloseBrowser" time="3.697"/>
  <system-out/>
</testsuite> <!-- com.sgtesting.WebAssignments.EighthCreateTask -->
