<?xml version="1.0" encoding="UTF-8"?>
<!-- Generated by org.testng.reporters.JUnitReportReporter -->
<testsuite hostname="DESKTOP-62AN9KN" failures="0" tests="9" name="com.sgtesting.WebAssignments.SecondUserCreation" time="50.827" errors="0" timestamp="2022-11-10T20:58:30 IST" skipped="0">
  <testcase classname="com.sgtesting.WebAssignments.SecondUserCreation" name="LaunchBrowser" time="1.248"/>
  <system-out/>
  <testcase classname="com.sgtesting.WebAssignments.SecondUserCreation" name="Navigate" time="2.123"/>
  <system-out/>
  <testcase classname="com.sgtesting.WebAssignments.SecondUserCreation" name="Login" time="2.322"/>
  <system-out/>
  <testcase classname="com.sgtesting.WebAssignments.SecondUserCreation" name="minimizeFlyOutwindow" time="2.113"/>
  <system-out/>
  <testcase classname="com.sgtesting.WebAssignments.SecondUserCreation" name="User" time="10.114"/>
  <system-out/>
  <testcase classname="com.sgtesting.WebAssignments.SecondUserCreation" name="Modify" time="19.003"/>
  <system-out/>
  <testcase classname="com.sgtesting.WebAssignments.SecondUserCreation" name="Deleteuser" time="8.300"/>
  <system-out/>
  <testcase classname="com.sgtesting.WebAssignments.SecondUserCreation" name="Logout" time="2.358"/>
  <system-out/>
  <testcase classname="com.sgtesting.WebAssignments.SecondUserCreation" name="CloseBrowser" time="3.246"/>
  <system-out/>
</testsuite> <!-- com.sgtesting.WebAssignments.SecondUserCreation -->
