<?xml version="1.0" encoding="UTF-8"?>
<!-- Generated by org.testng.reporters.JUnitReportReporter -->
<testsuite hostname="DESKTOP-62AN9KN" failures="0" tests="6" name="com.sgtesting.WebAssignments.Createuser" time="21.064" errors="0" timestamp="2022-11-09T21:58:22 IST" skipped="0">
  <testcase classname="com.sgtesting.WebAssignments.Createuser" name="launchBrowser" time="4.346"/>
  <system-out/>
  <testcase classname="com.sgtesting.WebAssignments.Createuser" name="navigate" time="6.543"/>
  <system-out/>
  <testcase classname="com.sgtesting.WebAssignments.Createuser" name="login" time="5.324"/>
  <system-out/>
  <testcase classname="com.sgtesting.WebAssignments.Createuser" name="minimizeFlyOutwindow" time="2.194"/>
  <system-out/>
  <testcase classname="com.sgtesting.WebAssignments.Createuser" name="logout" time="2.335"/>
  <system-out/>
  <testcase classname="com.sgtesting.WebAssignments.Createuser" name="closeApp" time="0.322"/>
  <system-out/>
</testsuite> <!-- com.sgtesting.WebAssignments.Createuser -->
