<?xml version="1.0" encoding="UTF-8"?>
<!-- Generated by org.testng.reporters.JUnitReportReporter -->
<testsuite hostname="DESKTOP-62AN9KN" failures="0" tests="11" name="com.sgtesting.WebAssignments.SeventhModifyProject" time="49.864" errors="0" timestamp="2022-11-10T20:58:30 IST" skipped="0">
  <testcase classname="com.sgtesting.WebAssignments.SeventhModifyProject" name="launchBrowser" time="1.064"/>
  <system-out/>
  <testcase classname="com.sgtesting.WebAssignments.SeventhModifyProject" name="navigate" time="5.973"/>
  <system-out/>
  <testcase classname="com.sgtesting.WebAssignments.SeventhModifyProject" name="login" time="5.312"/>
  <system-out/>
  <testcase classname="com.sgtesting.WebAssignments.SeventhModifyProject" name="minimizeFlyOutwindow" time="2.129"/>
  <system-out/>
  <testcase classname="com.sgtesting.WebAssignments.SeventhModifyProject" name="Createcustomer" time="5.983"/>
  <system-out/>
  <testcase classname="com.sgtesting.WebAssignments.SeventhModifyProject" name="CreateProject" time="6.363"/>
  <system-out/>
  <testcase classname="com.sgtesting.WebAssignments.SeventhModifyProject" name="ModifyProject" time="7.675"/>
  <system-out/>
  <testcase classname="com.sgtesting.WebAssignments.SeventhModifyProject" name="DeleteProject" time="4.416"/>
  <system-out/>
  <testcase classname="com.sgtesting.WebAssignments.SeventhModifyProject" name="Deletecustomer" time="5.439"/>
  <system-out/>
  <testcase classname="com.sgtesting.WebAssignments.SeventhModifyProject" name="logout" time="2.313"/>
  <system-out/>
  <testcase classname="com.sgtesting.WebAssignments.SeventhModifyProject" name="CloseBrowser" time="3.197"/>
  <system-out/>
</testsuite> <!-- com.sgtesting.WebAssignments.SeventhModifyProject -->
