<?xml version="1.0" encoding="UTF-8"?>
<!-- Generated by org.testng.reporters.JUnitReportReporter -->
<testsuite hostname="DESKTOP-62AN9KN" failures="0" tests="10" name="com.sgtesting.WebAssignments.SixthCreateProject" time="42.299" errors="0" timestamp="2022-11-10T20:58:30 IST" skipped="0">
  <testcase classname="com.sgtesting.WebAssignments.SixthCreateProject" name="launchBrowser" time="1.116"/>
  <system-out/>
  <testcase classname="com.sgtesting.WebAssignments.SixthCreateProject" name="navigate" time="5.942"/>
  <system-out/>
  <testcase classname="com.sgtesting.WebAssignments.SixthCreateProject" name="login" time="5.365"/>
  <system-out/>
  <testcase classname="com.sgtesting.WebAssignments.SixthCreateProject" name="minimizeFlyOutwindow" time="2.107"/>
  <system-out/>
  <testcase classname="com.sgtesting.WebAssignments.SixthCreateProject" name="Createcustomer" time="5.977"/>
  <system-out/>
  <testcase classname="com.sgtesting.WebAssignments.SixthCreateProject" name="CreateProject" time="6.352"/>
  <system-out/>
  <testcase classname="com.sgtesting.WebAssignments.SixthCreateProject" name="DeleteProject" time="4.453"/>
  <system-out/>
  <testcase classname="com.sgtesting.WebAssignments.SixthCreateProject" name="Deletecustomer" time="5.472"/>
  <system-out/>
  <testcase classname="com.sgtesting.WebAssignments.SixthCreateProject" name="logout" time="2.352"/>
  <system-out/>
  <testcase classname="com.sgtesting.WebAssignments.SixthCreateProject" name="CloseBrowser" time="3.163"/>
  <system-out/>
</testsuite> <!-- com.sgtesting.WebAssignments.SixthCreateProject -->
