<?xml version="1.0" encoding="UTF-8"?>
<!-- Generated by org.testng.reporters.JUnitReportReporter -->
<testsuite hostname="DESKTOP-62AN9KN" failures="0" tests="2" name="com.sgtesting.hardassertion.AssertTrueFalseDemo" time="0.005" errors="0" timestamp="2022-11-09T15:33:58 IST" skipped="0">
  <testcase classname="com.sgtesting.hardassertion.AssertTrueFalseDemo" name="assertTrueDemo" time="0.002"/>
  <system-out/>
  <testcase classname="com.sgtesting.hardassertion.AssertTrueFalseDemo" name="assertFalseDemo" time="0.003"/>
  <system-out/>
</testsuite> <!-- com.sgtesting.hardassertion.AssertTrueFalseDemo -->
