<?xml version="1.0" encoding="UTF-8"?>
<!-- Generated by org.testng.reporters.JUnitReportReporter -->
<testsuite hostname="DESKTOP-62AN9KN" failures="0" tests="2" name="com.sgtesting.hardassertion.AssertNullDemo" time="0.007" errors="0" timestamp="2022-11-09T15:33:58 IST" skipped="0">
  <testcase classname="com.sgtesting.hardassertion.AssertNullDemo" name="assertNullDemo" time="0.004"/>
  <system-out/>
  <testcase classname="com.sgtesting.hardassertion.AssertNullDemo" name="assertNotNullDemo" time="0.003"/>
  <system-out/>
</testsuite> <!-- com.sgtesting.hardassertion.AssertNullDemo -->
