<?xml version="1.0" encoding="UTF-8"?>
<!-- Generated by org.testng.reporters.JUnitReportReporter -->
<testsuite hostname="DESKTOP-62AN9KN" failures="0" tests="2" name="com.sgtesting.SoftAssertions.AssertNullDemo" time="0.005" errors="0" timestamp="2022-11-09T15:58:34 IST" skipped="0">
  <testcase classname="com.sgtesting.SoftAssertions.AssertNullDemo" name="assertNotNullDemo" time="0.003"/>
  <system-out/>
  <testcase classname="com.sgtesting.SoftAssertions.AssertNullDemo" name="assertNullDemo" time="0.002"/>
  <system-out/>
</testsuite> <!-- com.sgtesting.SoftAssertions.AssertNullDemo -->
