<?xml version="1.0" encoding="UTF-8"?>
<!-- Generated by org.testng.reporters.JUnitReportReporter -->
<testsuite hostname="DESKTOP-62AN9KN" failures="0" tests="3" name="com.sgtesting.Users.Users" time="0.016" errors="0" timestamp="2022-11-09T10:17:10 IST" skipped="0">
  <testcase classname="com.sgtesting.Users.Users" name="modifyUser" time="0.001"/>
  <system-out/>
  <testcase classname="com.sgtesting.Users.Users" name="deleteUser" time="0.002"/>
  <system-out/>
  <testcase classname="com.sgtesting.Users.Users" name="createUser" time="0.013"/>
  <system-out/>
</testsuite> <!-- com.sgtesting.Users.Users -->
