<?xml version="1.0" encoding="UTF-8"?>
<!-- Generated by org.testng.reporters.JUnitReportReporter -->
<testsuite hostname="DESKTOP-62AN9KN" failures="0" tests="3" name="com.sgtesting.DataProvider.DataProviderDemo" time="0.013" errors="0" timestamp="2022-11-09T18:53:59 IST" skipped="0">
  <testcase classname="com.sgtesting.DataProvider.DataProviderDemo" name="displayTestData" time="0.003"/>
  <system-out/>
  <testcase classname="com.sgtesting.DataProvider.DataProviderDemo" name="displayTestData" time="0.008"/>
  <system-out/>
  <testcase classname="com.sgtesting.DataProvider.DataProviderDemo" name="displayTestData" time="0.002"/>
  <system-out/>
</testsuite> <!-- com.sgtesting.DataProvider.DataProviderDemo -->
