<?xml version="1.0" encoding="UTF-8"?>
<!-- Generated by org.testng.reporters.JUnitReportReporter -->
<testsuite hostname="DESKTOP-62AN9KN" failures="0" tests="2" name="com.sgtesting.hardassertion.AssertEqualsDemo" time="0.022" errors="0" timestamp="2022-11-09T15:33:58 IST" skipped="0">
  <testcase classname="com.sgtesting.hardassertion.AssertEqualsDemo" name="assertNotEqualsDemo" time="0.007"/>
  <system-out/>
  <testcase classname="com.sgtesting.hardassertion.AssertEqualsDemo" name="assertEqualsDemo" time="0.015"/>
  <system-out/>
</testsuite> <!-- com.sgtesting.hardassertion.AssertEqualsDemo -->
