<?xml version="1.0" encoding="UTF-8"?>
<!-- Generated by org.testng.reporters.JUnitReportReporter -->
<testsuite hostname="DESKTOP-62AN9KN" failures="0" tests="3" name="com.sgtesting.ParameteredUser.Userdemo" time="0.008" errors="0" timestamp="2022-11-09T12:56:50 IST" skipped="0">
  <testcase classname="com.sgtesting.ParameteredUser.Userdemo" name="createUser" time="0.005"/>
  <system-out/>
  <testcase classname="com.sgtesting.ParameteredUser.Userdemo" name="modifyUser" time="0.002"/>
  <system-out/>
  <testcase classname="com.sgtesting.ParameteredUser.Userdemo" name="deleteUser" time="0.001"/>
  <system-out/>
</testsuite> <!-- com.sgtesting.ParameteredUser.Userdemo -->
