<?xml version="1.0" encoding="UTF-8"?>
<!-- Generated by org.testng.reporters.JUnitReportReporter -->
<testsuite hostname="DESKTOP-62AN9KN" failures="0" tests="3" name="com.sgtesting.Condition.UserEnable" time="0.008" errors="0" timestamp="2022-11-09T14:46:10 IST" skipped="1">
  <testcase classname="com.sgtesting.Condition.UserEnable" name="deleteUser" time="0.005"/>
  <system-out/>
  <testcase classname="com.sgtesting.Condition.UserEnable" name="createUser" time="0.003"/>
  <system-out/>
  <testcase classname="com.sgtesting.Condition.UserEnable" name="modifyUser">
    <skipped/>
  </testcase> <!-- modifyUser -->
  <system-out/>
</testsuite> <!-- com.sgtesting.Condition.UserEnable -->
