<?xml version="1.0" encoding="UTF-8"?>
<!-- Generated by org.testng.reporters.JUnitReportReporter -->
<testsuite hostname="DESKTOP-62AN9KN" failures="0" tests="3" name="com.sgtesting.Condition.PriorityConditiondemo" time="0.006" errors="0" timestamp="2022-11-09T14:46:10 IST" skipped="0">
  <testcase classname="com.sgtesting.Condition.PriorityConditiondemo" name="createUser" time="0.003"/>
  <system-out/>
  <testcase classname="com.sgtesting.Condition.PriorityConditiondemo" name="modifyUser" time="0.001"/>
  <system-out/>
  <testcase classname="com.sgtesting.Condition.PriorityConditiondemo" name="deleteUser" time="0.002"/>
  <system-out/>
</testsuite> <!-- com.sgtesting.Condition.PriorityConditiondemo -->
