<?xml version="1.0" encoding="UTF-8"?>
<!-- Generated by org.testng.reporters.JUnitReportReporter -->
<testsuite hostname="DESKTOP-62AN9KN" failures="0" tests="3" name="com.sgtesting.product.Product" time="0.013" errors="0" timestamp="2022-11-08T21:04:17 IST" skipped="0">
  <testcase classname="com.sgtesting.product.Product" name="deleteProduct" time="0.005"/>
  <system-out/>
  <testcase classname="com.sgtesting.product.Product" name="modifyproduct" time="0.004"/>
  <system-out/>
  <testcase classname="com.sgtesting.product.Product" name="createProduct" time="0.004"/>
  <system-out/>
</testsuite> <!-- com.sgtesting.product.Product -->
