<?xml version="1.0" encoding="UTF-8"?>
<!-- Generated by org.testng.reporters.JUnitReportReporter -->
<testsuite hostname="DESKTOP-62AN9KN" failures="0" tests="3" name="com.sgtesting.ParameteredUser.Userdemo" time="0.012" errors="0" timestamp="2022-11-08T22:03:04 IST" skipped="0">
  <testcase classname="com.sgtesting.ParameteredUser.Userdemo" name="createUser" time="0.007"/>
  <system-out/>
  <testcase classname="com.sgtesting.ParameteredUser.Userdemo" name="deleteUser" time="0.003"/>
  <system-out/>
  <testcase classname="com.sgtesting.ParameteredUser.Userdemo" name="modifyUser" time="0.002"/>
  <system-out/>
</testsuite> <!-- com.sgtesting.ParameteredUser.Userdemo -->
