<?xml version="1.0" encoding="UTF-8"?>
<!-- Generated by org.testng.reporters.JUnitReportReporter -->
<testsuite hostname="DESKTOP-62AN9KN" failures="0" tests="2" name="com.sgtesting.SoftAssertions.AssertEqualsDemo" time="0.027" errors="0" timestamp="2022-11-09T15:58:34 IST" skipped="0">
  <testcase classname="com.sgtesting.SoftAssertions.AssertEqualsDemo" name="assertEqualsDemo" time="0.019"/>
  <system-out/>
  <testcase classname="com.sgtesting.SoftAssertions.AssertEqualsDemo" name="assertNotEqualsDemo" time="0.008"/>
  <system-out/>
</testsuite> <!-- com.sgtesting.SoftAssertions.AssertEqualsDemo -->
