<?xml version="1.0" encoding="UTF-8"?>
<!-- Generated by org.testng.reporters.JUnitReportReporter -->
<testsuite hostname="DESKTOP-62AN9KN" failures="0" tests="3" name="com.sgtesting.Condition.DependsOnMethodCondition" time="0.016" errors="0" timestamp="2022-11-09T14:46:10 IST" skipped="0">
  <testcase classname="com.sgtesting.Condition.DependsOnMethodCondition" name="modifyuser" time="0.005"/>
  <system-out/>
  <testcase classname="com.sgtesting.Condition.DependsOnMethodCondition" name="deleteUser" time="0.002"/>
  <system-out/>
  <testcase classname="com.sgtesting.Condition.DependsOnMethodCondition" name="CreateUser" time="0.009"/>
  <system-out/>
</testsuite> <!-- com.sgtesting.Condition.DependsOnMethodCondition -->
