<?xml version="1.0" encoding="UTF-8"?>
<!-- Generated by org.testng.reporters.JUnitReportReporter -->
<testsuite hostname="DESKTOP-62AN9KN" failures="0" tests="2" name="com.sgtesting.SoftAssertions.AssertSameDemo" time="0.006" errors="0" timestamp="2022-11-09T15:58:34 IST" skipped="0">
  <testcase classname="com.sgtesting.SoftAssertions.AssertSameDemo" name="assertSameDemo" time="0.003"/>
  <system-out/>
  <testcase classname="com.sgtesting.SoftAssertions.AssertSameDemo" name="assertNotSameDemo" time="0.003"/>
  <system-out/>
</testsuite> <!-- com.sgtesting.SoftAssertions.AssertSameDemo -->
